 __________________________________________________________________________________________________
|                                 Thanks for using CyRSoXS                                        |
|--------------------------------------------------------------------------------------------------|
|  Copyright          : Iowa State University                                                      |
|  License            : NIST                                                                       |
|  Acknowledgement    : ONR MURI                                                                   |
|                                                                                                  |
|  Developed at Iowa State University in collaboration with NIST                                   |
|                                                                                                  |
|  Please cite the following publication :                                                         |
|  Comments/Questions :                                                                            |
|          1. Dr. Baskar GanapathySubramanian (baskarg@iastate.edu)                                |
|          2. Dr. Adarsh Krishnamurthy        (adarsh@iastate.edu)                                 |
|          2. Dr. Dean DeLongchamp            (dean.delongchamp@nist.gov)                          |
 -------------------------------------------------------------------------------------------------- 



CyRSoXS: 
=========================================================================================
Version              : 1.1.5 2
Git patch            : 7ff509f
Size of Real         : 4
Number of material   : 2

Scaling Information:
=========================================================================================
Number of pixel      :[512,512]
Q range              :[-1.5708,1.5708]



InputData : 
=========================================================================================
CaseType             : Default
Morphology Type      : EulerAngles
Morphology Order     : ZYX
Reference Frame      : MATERIAL
Dimensions [Z Y X]   : [64 512 512]
PhysSize             : 2nm 
E Rotation Angle     : 0 : 1 : 360
Energies simulated   : [270 271 272 273 274 275 276 277 278 279 280 281 282 283 284 285 286 287 288 289 290 291 292 293 294 295 296 297 298 299 300 301 302 303 304 305 306 307 308 309 310 311 312 313 314 315 316 317 318 319 320 321 322 323 324 325 326 327 328 329 330 331 332 333 334 335 336 337 338 339 ]
Windowing Type       : NONE
Rotation Mask        : 0
Interpolation Type   : Trilinear interpolation
kVectors             : ([0,0,1])
HDF Output Directory : HDF5
Scatter Approach     : Partial
Algorithm            : CommunicationMinimizing



Rotation Matrices : 
=========================================================================================
Detector Rotation Matrix
-------------------------------
1 0 0 
0 1 0 
0 0 1 
-------------------------------
K Rotation Matrix And Base Configuration 
-----------------------------------------
-----------------------------------------
K = 0 0 1
1 0 0 
0 1 0 
0 0 1 
RotAngle = 0
Base X   = 1 0 0
Base Y   = 0 1 0
Base Z   = 0 0 1
-----------------------------------------
-------------------------------
